# JRE version: OpenJDK Runtime Environment (8.0_76-b03) (build 1.8.0_76-release-b03)
# Java VM: OpenJDK 64-Bit Server VM (25.76-b03 mixed mode linux-amd64 compressed oops)
Heap:
 PSYoungGen      total 279552K, used 88574K [0x00000000e0000000, 0x00000000f9180000, 0x0000000100000000)
  eden space 253440K, 34% used [0x00000000e0000000,0x00000000e567fab8,0x00000000ef780000)
  from space 26112K, 0% used [0x00000000ef780000,0x00000000ef780000,0x00000000f1100000)
  to   space 28160K, 0% used [0x00000000f7600000,0x00000000f7600000,0x00000000f9180000)
 ParOldGen       total 127488K, used 36554K [0x00000000a0000000, 0x00000000a7c80000, 0x00000000e0000000)
  object space 127488K, 28% used [0x00000000a0000000,0x00000000a23b2900,0x00000000a7c80000)
 Metaspace       used 58931K, capacity 60496K, committed 60928K, reserved 1101824K
  class space    used 7755K, capacity 8103K, committed 8192K, reserved 1048576K
GC Heap History (10 events):
Event: 11.026 GC heap before
{Heap before GC invocations=8 (full 2):
 PSYoungGen      total 179712K, used 6063K [0x00000000e0000000, 0x00000000ef600000, 0x0000000100000000)
  eden space 165888K, 0% used [0x00000000e0000000,0x00000000e0000000,0x00000000ea200000)
  from space 13824K, 43% used [0x00000000eaf00000,0x00000000eb4ebf48,0x00000000ebc80000)
  to   space 13312K, 0% used [0x00000000ea200000,0x00000000ea200000,0x00000000eaf00000)
 ParOldGen       total 66560K, used 20340K [0x00000000a0000000, 0x00000000a4100000, 0x00000000e0000000)
  object space 66560K, 30% used [0x00000000a0000000,0x00000000a13dd028,0x00000000a4100000)
 Metaspace       used 34697K, capacity 35280K, committed 35496K, reserved 1079296K
  class space    used 4655K, capacity 4788K, committed 4864K, reserved 1048576K
Event: 11.259 GC heap after
Heap after GC invocations=8 (full 2):
 PSYoungGen      total 179712K, used 0K [0x00000000e0000000, 0x00000000ef600000, 0x0000000100000000)
  eden space 165888K, 0% used [0x00000000e0000000,0x00000000e0000000,0x00000000ea200000)
  from space 13824K, 0% used [0x00000000eaf00000,0x00000000eaf00000,0x00000000ebc80000)
  to   space 13312K, 0% used [0x00000000ea200000,0x00000000ea200000,0x00000000eaf00000)
 ParOldGen       total 86016K, used 14220K [0x00000000a0000000, 0x00000000a5400000, 0x00000000e0000000)
  object space 86016K, 16% used [0x00000000a0000000,0x00000000a0de3320,0x00000000a5400000)
 Metaspace       used 34697K, capacity 35280K, committed 35496K, reserved 1079296K
  class space    used 4655K, capacity 4788K, committed 4864K, reserved 1048576K
}
Event: 15.181 GC heap before
{Heap before GC invocations=9 (full 2):
 PSYoungGen      total 179712K, used 165888K [0x00000000e0000000, 0x00000000ef600000, 0x0000000100000000)
  eden space 165888K, 100% used [0x00000000e0000000,0x00000000ea200000,0x00000000ea200000)
  from space 13824K, 0% used [0x00000000eaf00000,0x00000000eaf00000,0x00000000ebc80000)
  to   space 13312K, 0% used [0x00000000ea200000,0x00000000ea200000,0x00000000eaf00000)
 ParOldGen       total 86016K, used 14220K [0x00000000a0000000, 0x00000000a5400000, 0x00000000e0000000)
  object space 86016K, 16% used [0x00000000a0000000,0x00000000a0de3320,0x00000000a5400000)
 Metaspace       used 44123K, capacity 45100K, committed 45184K, reserved 1087488K
  class space    used 5906K, capacity 6189K, committed 6272K, reserved 1048576K
Event: 15.252 GC heap after
Heap after GC invocations=9 (full 2):
 PSYoungGen      total 179200K, used 13304K [0x00000000e0000000, 0x00000000f2080000, 0x0000000100000000)
  eden space 165888K, 0% used [0x00000000e0000000,0x00000000e0000000,0x00000000ea200000)
  from space 13312K, 99% used [0x00000000ea200000,0x00000000eaefe1b0,0x00000000eaf00000)
  to   space 15872K, 0% used [0x00000000f1100000,0x00000000f1100000,0x00000000f2080000)
 ParOldGen       total 86016K, used 14946K [0x00000000a0000000, 0x00000000a5400000, 0x00000000e0000000)
  object space 86016K, 17% used [0x00000000a0000000,0x00000000a0e98938,0x00000000a5400000)
 Metaspace       used 44123K, capacity 45100K, committed 45184K, reserved 1087488K
  class space    used 5906K, capacity 6189K, committed 6272K, reserved 1048576K
}
Event: 20.990 GC heap before
{Heap before GC invocations=10 (full 2):
 PSYoungGen      total 179200K, used 179192K [0x00000000e0000000, 0x00000000f2080000, 0x0000000100000000)
  eden space 165888K, 100% used [0x00000000e0000000,0x00000000ea200000,0x00000000ea200000)
  from space 13312K, 99% used [0x00000000ea200000,0x00000000eaefe1b0,0x00000000eaf00000)
  to   space 15872K, 0% used [0x00000000f1100000,0x00000000f1100000,0x00000000f2080000)
 ParOldGen       total 86016K, used 14946K [0x00000000a0000000, 0x00000000a5400000, 0x00000000e0000000)
  object space 86016K, 17% used [0x00000000a0000000,0x00000000a0e98938,0x00000000a5400000)
 Metaspace       used 55414K, capacity 56980K, committed 57216K, reserved 1099776K
  class space    used 7398K, capacity 7705K, committed 7808K, reserved 1048576K
Event: 21.243 GC heap after
Heap after GC invocations=10 (full 2):
 PSYoungGen      total 269312K, used 15869K [0x00000000e0000000, 0x00000000f3580000, 0x0000000100000000)
  eden space 253440K, 0% used [0x00000000e0000000,0x00000000e0000000,0x00000000ef780000)
  from space 15872K, 99% used [0x00000000f1100000,0x00000000f207f7a8,0x00000000f2080000)
  to   space 26112K, 0% used [0x00000000ef780000,0x00000000ef780000,0x00000000f1100000)
 ParOldGen       total 86016K, used 33217K [0x00000000a0000000, 0x00000000a5400000, 0x00000000e0000000)
  object space 86016K, 38% used [0x00000000a0000000,0x00000000a2070650,0x00000000a5400000)
 Metaspace       used 55414K, capacity 56980K, committed 57216K, reserved 1099776K
  class space    used 7398K, capacity 7705K, committed 7808K, reserved 1048576K
}
Event: 22.175 GC heap before
{Heap before GC invocations=11 (full 2):
 PSYoungGen      total 269312K, used 41576K [0x00000000e0000000, 0x00000000f3580000, 0x0000000100000000)
  eden space 253440K, 10% used [0x00000000e0000000,0x00000000e191a998,0x00000000ef780000)
  from space 15872K, 99% used [0x00000000f1100000,0x00000000f207f7a8,0x00000000f2080000)
  to   space 26112K, 0% used [0x00000000ef780000,0x00000000ef780000,0x00000000f1100000)
 ParOldGen       total 86016K, used 33217K [0x00000000a0000000, 0x00000000a5400000, 0x00000000e0000000)
  object space 86016K, 38% used [0x00000000a0000000,0x00000000a2070650,0x00000000a5400000)
 Metaspace       used 57502K, capacity 59054K, committed 59160K, reserved 1099776K
  class space    used 7650K, capacity 8006K, committed 8064K, reserved 1048576K
Event: 22.269 GC heap after
Heap after GC invocations=11 (full 2):
 PSYoungGen      total 279552K, used 20505K [0x00000000e0000000, 0x00000000f9180000, 0x0000000100000000)
  eden space 253440K, 0% used [0x00000000e0000000,0x00000000e0000000,0x00000000ef780000)
  from space 26112K, 78% used [0x00000000ef780000,0x00000000f0b86618,0x00000000f1100000)
  to   space 28160K, 0% used [0x00000000f7600000,0x00000000f7600000,0x00000000f9180000)
 ParOldGen       total 86016K, used 33225K [0x00000000a0000000, 0x00000000a5400000, 0x00000000e0000000)
  object space 86016K, 38% used [0x00000000a0000000,0x00000000a2072650,0x00000000a5400000)
 Metaspace       used 57502K, capacity 59054K, committed 59160K, reserved 1099776K
  class space    used 7650K, capacity 8006K, committed 8064K, reserved 1048576K
}
Event: 22.269 GC heap before
{Heap before GC invocations=12 (full 3):
 PSYoungGen      total 279552K, used 20505K [0x00000000e0000000, 0x00000000f9180000, 0x0000000100000000)
  eden space 253440K, 0% used [0x00000000e0000000,0x00000000e0000000,0x00000000ef780000)
  from space 26112K, 78% used [0x00000000ef780000,0x00000000f0b86618,0x00000000f1100000)
  to   space 28160K, 0% used [0x00000000f7600000,0x00000000f7600000,0x00000000f9180000)
 ParOldGen       total 86016K, used 33225K [0x00000000a0000000, 0x00000000a5400000, 0x00000000e0000000)
  object space 86016K, 38% used [0x00000000a0000000,0x00000000a2072650,0x00000000a5400000)
 Metaspace       used 57502K, capacity 59054K, committed 59160K, reserved 1099776K
  class space    used 7650K, capacity 8006K, committed 8064K, reserved 1048576K
Event: 22.584 GC heap after
Heap after GC invocations=12 (full 3):
 PSYoungGen      total 279552K, used 0K [0x00000000e0000000, 0x00000000f9180000, 0x0000000100000000)
  eden space 253440K, 0% used [0x00000000e0000000,0x00000000e0000000,0x00000000ef780000)
  from space 26112K, 0% used [0x00000000ef780000,0x00000000ef780000,0x00000000f1100000)
  to   space 28160K, 0% used [0x00000000f7600000,0x00000000f7600000,0x00000000f9180000)
 ParOldGen       total 127488K, used 36554K [0x00000000a0000000, 0x00000000a7c80000, 0x00000000e0000000)
  object space 127488K, 28% used [0x00000000a0000000,0x00000000a23b2900,0x00000000a7c80000)
 Metaspace       used 57502K, capacity 59054K, committed 59160K, reserved 1099776K
  class space    used 7650K, capacity 8006K, committed 8064K, reserved 1048576K
}

