# JRE version: OpenJDK Runtime Environment (8.0_76-b03) (build 1.8.0_76-release-b03)
# Java VM: OpenJDK 64-Bit Server VM (25.76-b03 mixed mode linux-amd64 compressed oops)
Heap:
 PSYoungGen      total 248320K, used 29338K [0x00000000e0000000, 0x00000000f6700000, 0x0000000100000000)
  eden space 227840K, 3% used [0x00000000e0000000,0x00000000e08aa8e0,0x00000000ede80000)
  from space 20480K, 99% used [0x00000000ede80000,0x00000000ef27bfd8,0x00000000ef280000)
  to   space 31744K, 0% used [0x00000000f4800000,0x00000000f4800000,0x00000000f6700000)
 ParOldGen       total 90112K, used 43315K [0x00000000a0000000, 0x00000000a5800000, 0x00000000e0000000)
  object space 90112K, 48% used [0x00000000a0000000,0x00000000a2a4cc40,0x00000000a5800000)
 Metaspace       used 56524K, capacity 58972K, committed 59136K, reserved 1099776K
  class space    used 7635K, capacity 8162K, committed 8192K, reserved 1048576K
GC Heap History (10 events):
Event: 11.848 GC heap before
{Heap before GC invocations=7 (full 1):
 PSYoungGen      total 136192K, used 34443K [0x00000000e0000000, 0x00000000ea700000, 0x0000000100000000)
  eden space 131072K, 22% used [0x00000000e0000000,0x00000000e1ca5ec8,0x00000000e8000000)
  from space 5120K, 99% used [0x00000000e8000000,0x00000000e84fd010,0x00000000e8500000)
  to   space 13824K, 0% used [0x00000000e9980000,0x00000000e9980000,0x00000000ea700000)
 ParOldGen       total 70656K, used 20743K [0x00000000a0000000, 0x00000000a4500000, 0x00000000e0000000)
  object space 70656K, 29% used [0x00000000a0000000,0x00000000a1441fa0,0x00000000a4500000)
 Metaspace       used 34532K, capacity 35264K, committed 35496K, reserved 1079296K
  class space    used 4651K, capacity 4856K, committed 4864K, reserved 1048576K
Event: 11.890 GC heap after
Heap after GC invocations=7 (full 1):
 PSYoungGen      total 157696K, used 6297K [0x00000000e0000000, 0x00000000ef080000, 0x0000000100000000)
  eden space 143872K, 0% used [0x00000000e0000000,0x00000000e0000000,0x00000000e8c80000)
  from space 13824K, 45% used [0x00000000e9980000,0x00000000e9fa64c0,0x00000000ea700000)
  to   space 13312K, 0% used [0x00000000e8c80000,0x00000000e8c80000,0x00000000e9980000)
 ParOldGen       total 70656K, used 20751K [0x00000000a0000000, 0x00000000a4500000, 0x00000000e0000000)
  object space 70656K, 29% used [0x00000000a0000000,0x00000000a1443fa0,0x00000000a4500000)
 Metaspace       used 34532K, capacity 35264K, committed 35496K, reserved 1079296K
  class space    used 4651K, capacity 4856K, committed 4864K, reserved 1048576K
}
Event: 11.890 GC heap before
{Heap before GC invocations=8 (full 2):
 PSYoungGen      total 157696K, used 6297K [0x00000000e0000000, 0x00000000ef080000, 0x0000000100000000)
  eden space 143872K, 0% used [0x00000000e0000000,0x00000000e0000000,0x00000000e8c80000)
  from space 13824K, 45% used [0x00000000e9980000,0x00000000e9fa64c0,0x00000000ea700000)
  to   space 13312K, 0% used [0x00000000e8c80000,0x00000000e8c80000,0x00000000e9980000)
 ParOldGen       total 70656K, used 20751K [0x00000000a0000000, 0x00000000a4500000, 0x00000000e0000000)
  object space 70656K, 29% used [0x00000000a0000000,0x00000000a1443fa0,0x00000000a4500000)
 Metaspace       used 34532K, capacity 35264K, committed 35496K, reserved 1079296K
  class space    used 4651K, capacity 4856K, committed 4864K, reserved 1048576K
Event: 12.061 GC heap after
Heap after GC invocations=8 (full 2):
 PSYoungGen      total 157696K, used 0K [0x00000000e0000000, 0x00000000ef080000, 0x0000000100000000)
  eden space 143872K, 0% used [0x00000000e0000000,0x00000000e0000000,0x00000000e8c80000)
  from space 13824K, 0% used [0x00000000e9980000,0x00000000e9980000,0x00000000ea700000)
  to   space 13312K, 0% used [0x00000000e8c80000,0x00000000e8c80000,0x00000000e9980000)
 ParOldGen       total 90112K, used 14788K [0x00000000a0000000, 0x00000000a5800000, 0x00000000e0000000)
  object space 90112K, 16% used [0x00000000a0000000,0x00000000a0e71000,0x00000000a5800000)
 Metaspace       used 34532K, capacity 35264K, committed 35496K, reserved 1079296K
  class space    used 4651K, capacity 4856K, committed 4864K, reserved 1048576K
}
Event: 14.293 GC heap before
{Heap before GC invocations=9 (full 2):
 PSYoungGen      total 157696K, used 143872K [0x00000000e0000000, 0x00000000ef080000, 0x0000000100000000)
  eden space 143872K, 100% used [0x00000000e0000000,0x00000000e8c80000,0x00000000e8c80000)
  from space 13824K, 0% used [0x00000000e9980000,0x00000000e9980000,0x00000000ea700000)
  to   space 13312K, 0% used [0x00000000e8c80000,0x00000000e8c80000,0x00000000e9980000)
 ParOldGen       total 90112K, used 14788K [0x00000000a0000000, 0x00000000a5800000, 0x00000000e0000000)
  object space 90112K, 16% used [0x00000000a0000000,0x00000000a0e71000,0x00000000a5800000)
 Metaspace       used 42828K, capacity 43862K, committed 44160K, reserved 1087488K
  class space    used 5752K, capacity 5966K, committed 6016K, reserved 1048576K
Event: 14.340 GC heap after
Heap after GC invocations=9 (full 2):
 PSYoungGen      total 157184K, used 12170K [0x00000000e0000000, 0x00000000f0100000, 0x0000000100000000)
  eden space 143872K, 0% used [0x00000000e0000000,0x00000000e0000000,0x00000000e8c80000)
  from space 13312K, 91% used [0x00000000e8c80000,0x00000000e9862b20,0x00000000e9980000)
  to   space 14848K, 0% used [0x00000000ef280000,0x00000000ef280000,0x00000000f0100000)
 ParOldGen       total 90112K, used 14796K [0x00000000a0000000, 0x00000000a5800000, 0x00000000e0000000)
  object space 90112K, 16% used [0x00000000a0000000,0x00000000a0e73000,0x00000000a5800000)
 Metaspace       used 42828K, capacity 43862K, committed 44160K, reserved 1087488K
  class space    used 5752K, capacity 5966K, committed 6016K, reserved 1048576K
}
Event: 17.734 GC heap before
{Heap before GC invocations=10 (full 2):
 PSYoungGen      total 157184K, used 156042K [0x00000000e0000000, 0x00000000f0100000, 0x0000000100000000)
  eden space 143872K, 100% used [0x00000000e0000000,0x00000000e8c80000,0x00000000e8c80000)
  from space 13312K, 91% used [0x00000000e8c80000,0x00000000e9862b20,0x00000000e9980000)
  to   space 14848K, 0% used [0x00000000ef280000,0x00000000ef280000,0x00000000f0100000)
 ParOldGen       total 90112K, used 14796K [0x00000000a0000000, 0x00000000a5800000, 0x00000000e0000000)
  object space 90112K, 16% used [0x00000000a0000000,0x00000000a0e73000,0x00000000a5800000)
 Metaspace       used 49279K, capacity 51084K, committed 51328K, reserved 1093632K
  class space    used 6773K, capacity 7174K, committed 7296K, reserved 1048576K
Event: 17.808 GC heap after
Heap after GC invocations=10 (full 2):
 PSYoungGen      total 242688K, used 14835K [0x00000000e0000000, 0x00000000f0880000, 0x0000000100000000)
  eden space 227840K, 0% used [0x00000000e0000000,0x00000000e0000000,0x00000000ede80000)
  from space 14848K, 99% used [0x00000000ef280000,0x00000000f00fcc90,0x00000000f0100000)
  to   space 20480K, 0% used [0x00000000ede80000,0x00000000ede80000,0x00000000ef280000)
 ParOldGen       total 90112K, used 22915K [0x00000000a0000000, 0x00000000a5800000, 0x00000000e0000000)
  object space 90112K, 25% used [0x00000000a0000000,0x00000000a1660e20,0x00000000a5800000)
 Metaspace       used 49279K, capacity 51084K, committed 51328K, reserved 1093632K
  class space    used 6773K, capacity 7174K, committed 7296K, reserved 1048576K
}
Event: 29.801 GC heap before
{Heap before GC invocations=11 (full 2):
 PSYoungGen      total 242688K, used 242675K [0x00000000e0000000, 0x00000000f0880000, 0x0000000100000000)
  eden space 227840K, 100% used [0x00000000e0000000,0x00000000ede80000,0x00000000ede80000)
  from space 14848K, 99% used [0x00000000ef280000,0x00000000f00fcc90,0x00000000f0100000)
  to   space 20480K, 0% used [0x00000000ede80000,0x00000000ede80000,0x00000000ef280000)
 ParOldGen       total 90112K, used 22915K [0x00000000a0000000, 0x00000000a5800000, 0x00000000e0000000)
  object space 90112K, 25% used [0x00000000a0000000,0x00000000a1660e20,0x00000000a5800000)
 Metaspace       used 56327K, capacity 58780K, committed 58880K, reserved 1099776K
  class space    used 7609K, capacity 8162K, committed 8192K, reserved 1048576K
Event: 29.960 GC heap after
Heap after GC invocations=11 (full 2):
 PSYoungGen      total 248320K, used 20463K [0x00000000e0000000, 0x00000000f6700000, 0x0000000100000000)
  eden space 227840K, 0% used [0x00000000e0000000,0x00000000e0000000,0x00000000ede80000)
  from space 20480K, 99% used [0x00000000ede80000,0x00000000ef27bfd8,0x00000000ef280000)
  to   space 31744K, 0% used [0x00000000f4800000,0x00000000f4800000,0x00000000f6700000)
 ParOldGen       total 90112K, used 43315K [0x00000000a0000000, 0x00000000a5800000, 0x00000000e0000000)
  object space 90112K, 48% used [0x00000000a0000000,0x00000000a2a4cc40,0x00000000a5800000)
 Metaspace       used 56327K, capacity 58780K, committed 58880K, reserved 1099776K
  class space    used 7609K, capacity 8162K, committed 8192K, reserved 1048576K
}

